Drill report for MetuX.kicad_pcb
Created on 2026-06-06T12:46:10

Copper Layer Stackup:
    =============================================================
    L1 :  F.Cu                      front
    L2 :  In1.Cu                    in1
    L3 :  In2.Cu                    in2
    L4 :  B.Cu                      back


Drill file 'MetuX-PTH-drl.gbr' contains
    plated through holes:
    =============================================================
    T1  0.300mm  0.0118"  (23 holes))
    T2  0.800mm  0.0315"  (10 holes))
    T3  0.950mm  0.0374"  (10 holes))
    T4  1.000mm  0.0394"  (162 holes))
    T5  2.500mm  0.0984"  (4 holes))

    Total plated holes count 209


Drill file 'MetuX-NPTH-drl.gbr' contains
    unplated through holes:
    =============================================================
    T1  4.300mm  0.1693"  (3 holes))

    Total unplated holes count 3
